<?xml version="1.0" encoding="UTF-8" ?>
<testsuites errors="0"
            failures="0"
            tests="0">

  <testsuite name="test-node"
    errors="0" failures="0" hostname="" id="" package="test-node" skipped="0"
    tests="0" time="0.000" timestamp="Sat, 11 May 2019 01:31:59 GMT">
  

  

  
  </testsuite>
</testsuites>
